{"uuid":"3933f5dd-6ca6-4d3d-8b9d-3bb12665715f","historyId":"561c5ff880cafa3a4376a95c77f79b6f","fullName":"org.selenium.pom.Base.BaseTest.startDriver","labels":[{"name":"package","value":"org.selenium.pom.tests.Test2"},{"name":"testClass","value":"org.selenium.pom.tests.Test2"},{"name":"testMethod","value":"startDriver"},{"name":"parentSuite","value":"Default Suite"},{"name":"suite","value":"SeleniumFramework"},{"name":"subSuite","value":"org.selenium.pom.tests.Test2"},{"name":"host","value":"Ankits-MBP"},{"name":"thread","value":"9296@Ankits-MBP.main(1)"},{"name":"framework","value":"testng"},{"name":"language","value":"java"},{"name":"AS_ID","value":"-1"}],"links":[],"name":"startDriver","status":"broken","statusDetails":{"known":false,"muted":false,"flaky":false,"message":"Could not start a new session. Possible causes are invalid address of the remote server or browser start-up failure.","trace":"org.openqa.selenium.SessionNotCreatedException: Could not start a new session. Possible causes are invalid address of the remote server or browser start-up failure.\n\tat org.openqa.selenium.remote.RemoteWebDriver.execute(RemoteWebDriver.java:576)\n\tat org.openqa.selenium.remote.RemoteWebDriver.startSession(RemoteWebDriver.java:245)\n\tat org.openqa.selenium.remote.RemoteWebDriver.<init>(RemoteWebDriver.java:161)\n\tat org.openqa.selenium.safari.SafariDriver.<init>(SafariDriver.java:89)\n\tat org.openqa.selenium.safari.SafariDriver.<init>(SafariDriver.java:71)\n\tat org.openqa.selenium.safari.SafariDriver.<init>(SafariDriver.java:49)\n\tat org.selenium.pom.factory.DriverManager.InitializeDriver(DriverManager.java:35)\n\tat org.selenium.pom.Base.BaseTest.startDriver(BaseTest.java:56)\n\tat java.base/jdk.internal.reflect.DirectMethodHandleAccessor.invoke(DirectMethodHandleAccessor.java:104)\n\tat java.base/java.lang.reflect.Method.invoke(Method.java:577)\n\tat org.testng.internal.invokers.MethodInvocationHelper.invokeMethod(MethodInvocationHelper.java:139)\n\tat org.testng.internal.invokers.MethodInvocationHelper.invokeMethodConsideringTimeout(MethodInvocationHelper.java:69)\n\tat org.testng.internal.invokers.ConfigInvoker.invokeConfigurationMethod(ConfigInvoker.java:361)\n\tat org.testng.internal.invokers.ConfigInvoker.invokeConfigurations(ConfigInvoker.java:296)\n\tat org.testng.internal.invokers.TestInvoker.runConfigMethods(TestInvoker.java:823)\n\tat org.testng.internal.invokers.TestInvoker.invokeMethod(TestInvoker.java:590)\n\tat org.testng.internal.invokers.TestInvoker.invokeTestMethod(TestInvoker.java:221)\n\tat org.testng.internal.invokers.MethodRunner.runInSequence(MethodRunner.java:50)\n\tat org.testng.internal.invokers.TestInvoker$MethodInvocationAgent.invoke(TestInvoker.java:969)\n\tat org.testng.internal.invokers.TestInvoker.invokeTestMethods(TestInvoker.java:194)\n\tat org.testng.internal.invokers.TestMethodWorker.invokeTestMethods(TestMethodWorker.java:148)\n\tat org.testng.internal.invokers.TestMethodWorker.run(TestMethodWorker.java:128)\n\tat java.base/java.util.ArrayList.forEach(ArrayList.java:1511)\n\tat org.testng.TestRunner.privateRun(TestRunner.java:829)\n\tat org.testng.TestRunner.run(TestRunner.java:602)\n\tat org.testng.SuiteRunner.runTest(SuiteRunner.java:437)\n\tat org.testng.SuiteRunner.runSequentially(SuiteRunner.java:431)\n\tat org.testng.SuiteRunner.privateRun(SuiteRunner.java:391)\n\tat org.testng.SuiteRunner.run(SuiteRunner.java:330)\n\tat org.testng.SuiteRunnerWorker.runSuite(SuiteRunnerWorker.java:52)\n\tat org.testng.SuiteRunnerWorker.run(SuiteRunnerWorker.java:95)\n\tat org.testng.TestNG.runSuitesSequentially(TestNG.java:1256)\n\tat org.testng.TestNG.runSuitesLocally(TestNG.java:1176)\n\tat org.testng.TestNG.runSuites(TestNG.java:1099)\n\tat org.testng.TestNG.run(TestNG.java:1067)\n\tat com.intellij.rt.testng.IDEARemoteTestNG.run(IDEARemoteTestNG.java:66)\n\tat com.intellij.rt.testng.RemoteTestNGStarter.main(RemoteTestNGStarter.java:109)\nCaused by: org.openqa.selenium.WebDriverException: Timed out waiting for driver server to start.\nBuild info: version: '4.1.2', revision: '9a5a329c5a'\nSystem info: host: 'Ankits-MBP', ip: 'fe80:0:0:0:c63:447d:c444:ceae%en0', os.name: 'Mac OS X', os.arch: 'aarch64', os.version: '13.2.1', java.version: '18.0.2'\nDriver info: driver.version: SafariDriver\n\tat org.openqa.selenium.remote.service.DriverService.start(DriverService.java:230)\n\tat org.openqa.selenium.remote.service.DriverCommandExecutor.execute(DriverCommandExecutor.java:98)\n\tat org.openqa.selenium.remote.RemoteWebDriver.execute(RemoteWebDriver.java:558)\n\t... 36 more\nCaused by: java.util.concurrent.ExecutionException: org.openqa.selenium.WebDriverException: java.io.UncheckedIOException: java.net.SocketException: Invalid argument\nBuild info: version: '4.1.2', revision: '9a5a329c5a'\nSystem info: host: 'Ankits-MBP', ip: 'fe80:0:0:0:c63:447d:c444:ceae%en0', os.name: 'Mac OS X', os.arch: 'aarch64', os.version: '13.2.1', java.version: '18.0.2'\nDriver info: driver.version: unknown\n\tat java.base/java.util.concurrent.CompletableFuture.reportGet(CompletableFuture.java:396)\n\tat java.base/java.util.concurrent.CompletableFuture.get(CompletableFuture.java:2096)\n\tat org.openqa.selenium.remote.service.DriverService.start(DriverService.java:220)\n\t... 38 more\nCaused by: org.openqa.selenium.WebDriverException: java.io.UncheckedIOException: java.net.SocketException: Invalid argument\nBuild info: version: '4.1.2', revision: '9a5a329c5a'\nSystem info: host: 'Ankits-MBP', ip: 'fe80:0:0:0:c63:447d:c444:ceae%en0', os.name: 'Mac OS X', os.arch: 'aarch64', os.version: '13.2.1', java.version: '18.0.2'\nDriver info: driver.version: unknown\n\tat org.openqa.selenium.safari.SafariDriverService.waitUntilAvailable(SafariDriverService.java:86)\n\tat org.openqa.selenium.remote.service.DriverService.lambda$start$1(DriverService.java:205)\n\tat java.base/java.util.concurrent.CompletableFuture$AsyncSupply.run(CompletableFuture.java:1768)\n\tat java.base/java.util.concurrent.ThreadPoolExecutor.runWorker(ThreadPoolExecutor.java:1136)\n\tat java.base/java.util.concurrent.ThreadPoolExecutor$Worker.run(ThreadPoolExecutor.java:635)\n\tat java.base/java.lang.Thread.run(Thread.java:833)\nCaused by: java.io.UncheckedIOException: java.net.SocketException: Invalid argument\n\tat org.openqa.selenium.net.PortProber.waitForPortUp(PortProber.java:117)\n\tat org.openqa.selenium.safari.SafariDriverService.waitUntilAvailable(SafariDriverService.java:84)\n\t... 5 more\nCaused by: java.net.SocketException: Invalid argument\n\tat java.base/sun.nio.ch.Net.connect0(Native Method)\n\tat java.base/sun.nio.ch.Net.connect(Net.java:579)\n\tat java.base/sun.nio.ch.Net.connect(Net.java:568)\n\tat java.base/sun.nio.ch.NioSocketImpl.connect(NioSocketImpl.java:585)\n\tat java.base/java.net.SocksSocketImpl.connect(SocksSocketImpl.java:327)\n\tat java.base/java.net.Socket.connect(Socket.java:633)\n\tat org.openqa.selenium.net.PortProber.waitForPortUp(PortProber.java:112)\n\t... 6 more\n"},"stage":"finished","steps":[],"attachments":[],"parameters":[{"name":"arg0","value":"null"}],"start":1679780148834,"stop":1679780148835}